<?xml version="1.0" encoding="UTF-8"?>
<!-- Generated by org.testng.reporters.JUnitReportReporter -->
<testsuite skipped="0" hostname="Kumar-PC" name="testPackage.TestClass" tests="2" failures="0" timestamp="22 Apr 2018 00:35:27 GMT" time="32.592" errors="0">
  <testcase name="loginTest2" time="15.166" classname="testPackage.TestClass"/>
  <testcase name="loginTest" time="17.426" classname="testPackage.TestClass"/>
</testsuite> <!-- testPackage.TestClass -->
